[0627/205448.624:ERROR:zip_reader.cc(153)] Cannot open ZIP from file handle 00000000000001EC
[0627/205448.625:ERROR:zip.cc(202)] Cannot open ZIP from file handle 00000000000001EC
[0627/205448.625:ERROR:zip.cc(179)] Cannot open 'D:\Users\sdt5\Documents\Main繝峨く繝･繝｡繝ｳ繝\Web蛻ｶ菴懊帙ｼ繝繝壹ｼ繧ｸ\napiiey.github.io\blog\nwjs\package.nw': FILE_ERROR_NOT_FOUND: 指定されたファイルが見つかりません。 (0x2)
[0627/205630.194:ERROR:zip_reader.cc(153)] Cannot open ZIP from file handle 00000000000001EC
[0627/205630.194:ERROR:zip.cc(202)] Cannot open ZIP from file handle 00000000000001EC
[0627/205635.165:ERROR:zip_reader.cc(153)] Cannot open ZIP from file handle 000000000000009C
[0627/205635.165:ERROR:zip.cc(202)] Cannot open ZIP from file handle 000000000000009C
[0627/205642.678:ERROR:zip_reader.cc(153)] Cannot open ZIP from file handle 00000000000001EC
[0627/205642.678:ERROR:zip.cc(202)] Cannot open ZIP from file handle 00000000000001EC
[0627/205710.445:ERROR:zip_reader.cc(153)] Cannot open ZIP from file handle 00000000000001EC
[0627/205710.445:ERROR:zip.cc(202)] Cannot open ZIP from file handle 00000000000001EC
[0627/211931.543:ERROR:zip_reader.cc(153)] Cannot open ZIP from file handle 00000000000001EC
[0627/211931.543:ERROR:zip.cc(202)] Cannot open ZIP from file handle 00000000000001EC
[0627/212005.878:ERROR:zip_reader.cc(153)] Cannot open ZIP from file handle 00000000000001EC
[0627/212005.879:ERROR:zip.cc(202)] Cannot open ZIP from file handle 00000000000001EC
[0627/231118.256:ERROR:zip_reader.cc(153)] Cannot open ZIP from file handle 00000000000001EC
[0627/231118.256:ERROR:zip.cc(202)] Cannot open ZIP from file handle 00000000000001EC
[0627/231929.268:ERROR:zip_reader.cc(153)] Cannot open ZIP from file handle 00000000000001EC
[0627/231929.268:ERROR:zip.cc(202)] Cannot open ZIP from file handle 00000000000001EC
[0627/232528.720:ERROR:zip_reader.cc(153)] Cannot open ZIP from file handle 00000000000001EC
[0627/232528.720:ERROR:zip.cc(202)] Cannot open ZIP from file handle 00000000000001EC
[0627/233025.864:ERROR:zip_reader.cc(153)] Cannot open ZIP from file handle 00000000000001EC
[0627/233025.864:ERROR:zip.cc(202)] Cannot open ZIP from file handle 00000000000001EC
[0627/233138.830:ERROR:zip_reader.cc(153)] Cannot open ZIP from file handle 00000000000001EC
[0627/233138.830:ERROR:zip.cc(202)] Cannot open ZIP from file handle 00000000000001EC
[0627/233154.996:ERROR:zip_reader.cc(153)] Cannot open ZIP from file handle 00000000000000C8
[0627/233154.996:ERROR:zip.cc(202)] Cannot open ZIP from file handle 00000000000000C8
[0628/003345.858:ERROR:zip_reader.cc(153)] Cannot open ZIP from file handle 00000000000000DC
[0628/003345.859:ERROR:zip.cc(202)] Cannot open ZIP from file handle 00000000000000DC
[0628/013828.989:ERROR:zip_reader.cc(153)] Cannot open ZIP from file handle 00000000000000B8
[0628/013828.989:ERROR:zip.cc(202)] Cannot open ZIP from file handle 00000000000000B8
[0628/014126.258:ERROR:zip_reader.cc(153)] Cannot open ZIP from file handle 00000000000001EC
[0628/014126.258:ERROR:zip.cc(202)] Cannot open ZIP from file handle 00000000000001EC
[0628/014423.426:ERROR:zip_reader.cc(153)] Cannot open ZIP from file handle 00000000000001DC
[0628/014423.426:ERROR:zip.cc(202)] Cannot open ZIP from file handle 00000000000001DC
[0628/015056.214:ERROR:zip_reader.cc(153)] Cannot open ZIP from file handle 00000000000001F4
[0628/015056.214:ERROR:zip.cc(202)] Cannot open ZIP from file handle 00000000000001F4
[0628/015416.537:ERROR:zip_reader.cc(153)] Cannot open ZIP from file handle 00000000000000F0
[0628/015416.537:ERROR:zip.cc(202)] Cannot open ZIP from file handle 00000000000000F0
[0628/015643.162:ERROR:zip_reader.cc(153)] Cannot open ZIP from file handle 00000000000001F0
[0628/015643.163:ERROR:zip.cc(202)] Cannot open ZIP from file handle 00000000000001F0
[0628/015920.226:ERROR:zip_reader.cc(153)] Cannot open ZIP from file handle 000000000000011C
[0628/015920.227:ERROR:zip.cc(202)] Cannot open ZIP from file handle 000000000000011C
[0628/020005.012:ERROR:zip_reader.cc(153)] Cannot open ZIP from file handle 00000000000001EC
[0628/020005.012:ERROR:zip.cc(202)] Cannot open ZIP from file handle 00000000000001EC
[0628/020005.014:ERROR:zip_reader.cc(153)] Cannot open ZIP from file handle 00000000000001F4
[0628/020005.014:ERROR:zip.cc(202)] Cannot open ZIP from file handle 00000000000001F4
[0628/020043.624:ERROR:zip_reader.cc(153)] Cannot open ZIP from file handle 00000000000001EC
[0628/020043.624:ERROR:zip.cc(202)] Cannot open ZIP from file handle 00000000000001EC
[0628/020250.605:ERROR:zip_reader.cc(153)] Cannot open ZIP from file handle 00000000000000E8
[0628/020250.605:ERROR:zip.cc(202)] Cannot open ZIP from file handle 00000000000000E8
[0628/020323.324:ERROR:zip_reader.cc(153)] Cannot open ZIP from file handle 00000000000001EC
[0628/020323.324:ERROR:zip.cc(202)] Cannot open ZIP from file handle 00000000000001EC
[0628/020743.499:ERROR:zip_reader.cc(153)] Cannot open ZIP from file handle 00000000000001B0
[0628/020743.499:ERROR:zip.cc(202)] Cannot open ZIP from file handle 00000000000001B0
[0628/021657.424:ERROR:zip_reader.cc(153)] Cannot open ZIP from file handle 0000000000000228
[0628/021657.425:ERROR:zip.cc(202)] Cannot open ZIP from file handle 0000000000000228
[0628/023110.687:ERROR:zip_reader.cc(153)] Cannot open ZIP from file handle 0000000000000210
[0628/023110.687:ERROR:zip.cc(202)] Cannot open ZIP from file handle 0000000000000210
[0628/025040.589:ERROR:zip_reader.cc(153)] Cannot open ZIP from file handle 00000000000001EC
[0628/025040.589:ERROR:zip.cc(202)] Cannot open ZIP from file handle 00000000000001EC
[0628/031423.293:ERROR:zip_reader.cc(153)] Cannot open ZIP from file handle 00000000000001EC
[0628/031423.293:ERROR:zip.cc(202)] Cannot open ZIP from file handle 00000000000001EC
[0628/031454.215:ERROR:zip_reader.cc(153)] Cannot open ZIP from file handle 00000000000001EC
[0628/031454.215:ERROR:zip.cc(202)] Cannot open ZIP from file handle 00000000000001EC
[0628/043820.017:ERROR:zip_reader.cc(153)] Cannot open ZIP from file handle 00000000000001EC
[0628/043820.017:ERROR:zip.cc(202)] Cannot open ZIP from file handle 00000000000001EC
[0628/044338.238:ERROR:zip_reader.cc(153)] Cannot open ZIP from file handle 00000000000001EC
[0628/044338.238:ERROR:zip.cc(202)] Cannot open ZIP from file handle 00000000000001EC
[0628/045048.777:ERROR:zip_reader.cc(153)] Cannot open ZIP from file handle 00000000000001F4
[0628/045048.777:ERROR:zip.cc(202)] Cannot open ZIP from file handle 00000000000001F4
[0628/053711.054:ERROR:zip_reader.cc(153)] Cannot open ZIP from file handle 00000000000001EC
[0628/053711.054:ERROR:zip.cc(202)] Cannot open ZIP from file handle 00000000000001EC
[0628/053902.815:ERROR:zip_reader.cc(153)] Cannot open ZIP from file handle 00000000000001EC
[0628/053902.815:ERROR:zip.cc(202)] Cannot open ZIP from file handle 00000000000001EC
[0628/053919.448:ERROR:zip_reader.cc(153)] Cannot open ZIP from file handle 00000000000001EC
[0628/053919.448:ERROR:zip.cc(202)] Cannot open ZIP from file handle 00000000000001EC
[0628/054717.872:ERROR:zip_reader.cc(153)] Cannot open ZIP from file handle 00000000000001EC
[0628/054717.872:ERROR:zip.cc(202)] Cannot open ZIP from file handle 00000000000001EC
[0628/054809.731:ERROR:zip_reader.cc(153)] Cannot open ZIP from file handle 00000000000001EC
[0628/054809.731:ERROR:zip.cc(202)] Cannot open ZIP from file handle 00000000000001EC
[0628/055101.284:ERROR:zip_reader.cc(153)] Cannot open ZIP from file handle 00000000000001EC
[0628/055101.284:ERROR:zip.cc(202)] Cannot open ZIP from file handle 00000000000001EC
[0628/055135.698:ERROR:zip_reader.cc(153)] Cannot open ZIP from file handle 00000000000001EC
[0628/055135.698:ERROR:zip.cc(202)] Cannot open ZIP from file handle 00000000000001EC
[0628/055152.027:ERROR:zip_reader.cc(153)] Cannot open ZIP from file handle 00000000000000C0
[0628/055152.027:ERROR:zip.cc(202)] Cannot open ZIP from file handle 00000000000000C0
[0628/055319.263:ERROR:zip_reader.cc(153)] Cannot open ZIP from file handle 00000000000000C0
[0628/055319.263:ERROR:zip.cc(202)] Cannot open ZIP from file handle 00000000000000C0
[0628/055416.768:ERROR:zip_reader.cc(153)] Cannot open ZIP from file handle 00000000000001EC
[0628/055416.768:ERROR:zip.cc(202)] Cannot open ZIP from file handle 00000000000001EC
[0628/055433.073:ERROR:zip_reader.cc(153)] Cannot open ZIP from file handle 00000000000001EC
[0628/055433.073:ERROR:zip.cc(202)] Cannot open ZIP from file handle 00000000000001EC
[0628/055458.935:ERROR:zip_reader.cc(153)] Cannot open ZIP from file handle 00000000000001EC
[0628/055458.936:ERROR:zip.cc(202)] Cannot open ZIP from file handle 00000000000001EC
[0628/055605.063:ERROR:zip_reader.cc(153)] Cannot open ZIP from file handle 00000000000001DC
[0628/055605.063:ERROR:zip.cc(202)] Cannot open ZIP from file handle 00000000000001DC
[0628/055905.149:ERROR:zip_reader.cc(153)] Cannot open ZIP from file handle 00000000000001EC
[0628/055905.149:ERROR:zip.cc(202)] Cannot open ZIP from file handle 00000000000001EC
[0628/134501.765:ERROR:zip_reader.cc(153)] Cannot open ZIP from file handle 00000000000001EC
[0628/134501.765:ERROR:zip.cc(202)] Cannot open ZIP from file handle 00000000000001EC
[0628/135209.357:ERROR:zip_reader.cc(153)] Cannot open ZIP from file handle 00000000000001EC
[0628/135209.357:ERROR:zip.cc(202)] Cannot open ZIP from file handle 00000000000001EC
[0628/173331.290:ERROR:zip_reader.cc(153)] Cannot open ZIP from file handle 00000000000001EC
[0628/173331.291:ERROR:zip.cc(202)] Cannot open ZIP from file handle 00000000000001EC
[0629/035036.070:ERROR:zip_reader.cc(153)] Cannot open ZIP from file handle 00000000000001EC
[0629/035036.070:ERROR:zip.cc(202)] Cannot open ZIP from file handle 00000000000001EC
[0629/035127.860:ERROR:zip_reader.cc(153)] Cannot open ZIP from file handle 00000000000001F0
[0629/035127.860:ERROR:zip.cc(202)] Cannot open ZIP from file handle 00000000000001F0
[0629/101712.428:ERROR:zip_reader.cc(153)] Cannot open ZIP from file handle 00000000000001EC
[0629/101712.428:ERROR:zip.cc(202)] Cannot open ZIP from file handle 00000000000001EC
[0629/104620.922:ERROR:zip_reader.cc(153)] Cannot open ZIP from file handle 00000000000001EC
[0629/104620.922:ERROR:zip.cc(202)] Cannot open ZIP from file handle 00000000000001EC
[0629/162341.880:ERROR:zip_reader.cc(153)] Cannot open ZIP from file handle 00000000000001EC
[0629/162341.880:ERROR:zip.cc(202)] Cannot open ZIP from file handle 00000000000001EC
[0629/162417.805:ERROR:zip_reader.cc(153)] Cannot open ZIP from file handle 00000000000001F0
[0629/162417.805:ERROR:zip.cc(202)] Cannot open ZIP from file handle 00000000000001F0
[0629/231400.095:ERROR:zip_reader.cc(153)] Cannot open ZIP from file handle 00000000000001F4
[0629/231400.095:ERROR:zip.cc(202)] Cannot open ZIP from file handle 00000000000001F4
[0630/012447.558:ERROR:zip_reader.cc(153)] Cannot open ZIP from file handle 00000000000000F0
[0630/012447.558:ERROR:zip.cc(202)] Cannot open ZIP from file handle 00000000000000F0
[0630/020907.363:ERROR:zip_reader.cc(153)] Cannot open ZIP from file handle 00000000000001EC
[0630/020907.364:ERROR:zip.cc(202)] Cannot open ZIP from file handle 00000000000001EC
[0630/021228.316:ERROR:zip_reader.cc(153)] Cannot open ZIP from file handle 00000000000001EC
[0630/021228.316:ERROR:zip.cc(202)] Cannot open ZIP from file handle 00000000000001EC
[0630/021434.829:ERROR:zip_reader.cc(153)] Cannot open ZIP from file handle 00000000000001EC
[0630/021434.829:ERROR:zip.cc(202)] Cannot open ZIP from file handle 00000000000001EC
[0630/021608.013:ERROR:zip_reader.cc(153)] Cannot open ZIP from file handle 00000000000001EC
[0630/021608.013:ERROR:zip.cc(202)] Cannot open ZIP from file handle 00000000000001EC
[0630/021757.599:ERROR:zip_reader.cc(153)] Cannot open ZIP from file handle 00000000000000CC
[0630/021757.599:ERROR:zip.cc(202)] Cannot open ZIP from file handle 00000000000000CC
[0630/040632.294:ERROR:zip_reader.cc(153)] Cannot open ZIP from file handle 00000000000001EC
[0630/040632.294:ERROR:zip.cc(202)] Cannot open ZIP from file handle 00000000000001EC
[0630/040639.174:ERROR:zip_reader.cc(153)] Cannot open ZIP from file handle 00000000000001EC
[0630/040639.174:ERROR:zip.cc(202)] Cannot open ZIP from file handle 00000000000001EC
[0630/040957.005:ERROR:zip_reader.cc(153)] Cannot open ZIP from file handle 00000000000001EC
[0630/040957.005:ERROR:zip.cc(202)] Cannot open ZIP from file handle 00000000000001EC
[0630/041019.359:ERROR:zip_reader.cc(153)] Cannot open ZIP from file handle 000000000000021C
[0630/041019.359:ERROR:zip.cc(202)] Cannot open ZIP from file handle 000000000000021C
[0630/042001.620:ERROR:zip_reader.cc(153)] Cannot open ZIP from file handle 0000000000000234
[0630/042001.620:ERROR:zip.cc(202)] Cannot open ZIP from file handle 0000000000000234
[0630/131723.961:ERROR:zip_reader.cc(153)] Cannot open ZIP from file handle 0000000000000090
[0630/131723.962:ERROR:zip.cc(202)] Cannot open ZIP from file handle 0000000000000090
[0630/162018.895:ERROR:zip_reader.cc(153)] Cannot open ZIP from file handle 00000000000001EC
[0630/162018.895:ERROR:zip.cc(202)] Cannot open ZIP from file handle 00000000000001EC
[0630/162119.234:ERROR:zip_reader.cc(153)] Cannot open ZIP from file handle 00000000000001EC
[0630/162119.234:ERROR:zip.cc(202)] Cannot open ZIP from file handle 00000000000001EC
[0630/162914.487:ERROR:zip_reader.cc(153)] Cannot open ZIP from file handle 00000000000001EC
[0630/162914.487:ERROR:zip.cc(202)] Cannot open ZIP from file handle 00000000000001EC
[0630/164211.309:ERROR:zip_reader.cc(153)] Cannot open ZIP from file handle 00000000000001F8
[0630/164211.309:ERROR:zip.cc(202)] Cannot open ZIP from file handle 00000000000001F8
[0630/164248.041:ERROR:zip_reader.cc(153)] Cannot open ZIP from file handle 00000000000000E4
[0630/164248.042:ERROR:zip.cc(202)] Cannot open ZIP from file handle 00000000000000E4
[0630/165531.373:ERROR:zip_reader.cc(153)] Cannot open ZIP from file handle 00000000000001EC
[0630/165531.373:ERROR:zip.cc(202)] Cannot open ZIP from file handle 00000000000001EC
[0630/165644.592:ERROR:zip_reader.cc(153)] Cannot open ZIP from file handle 0000000000000248
[0630/165644.592:ERROR:zip.cc(202)] Cannot open ZIP from file handle 0000000000000248
[0630/165807.342:ERROR:zip_reader.cc(153)] Cannot open ZIP from file handle 00000000000001EC
[0630/165807.343:ERROR:zip.cc(202)] Cannot open ZIP from file handle 00000000000001EC
[0630/165959.211:ERROR:zip_reader.cc(153)] Cannot open ZIP from file handle 00000000000001EC
[0630/165959.211:ERROR:zip.cc(202)] Cannot open ZIP from file handle 00000000000001EC
[0630/170058.910:ERROR:zip_reader.cc(153)] Cannot open ZIP from file handle 00000000000001EC
[0630/170058.910:ERROR:zip.cc(202)] Cannot open ZIP from file handle 00000000000001EC
[0630/193031.285:ERROR:zip_reader.cc(153)] Cannot open ZIP from file handle 00000000000001EC
[0630/193031.286:ERROR:zip.cc(202)] Cannot open ZIP from file handle 00000000000001EC
[0701/025428.751:ERROR:zip_reader.cc(153)] Cannot open ZIP from file handle 00000000000001EC
[0701/025428.751:ERROR:zip.cc(202)] Cannot open ZIP from file handle 00000000000001EC
[0701/031406.321:ERROR:zip_reader.cc(153)] Cannot open ZIP from file handle 00000000000001EC
[0701/031406.321:ERROR:zip.cc(202)] Cannot open ZIP from file handle 00000000000001EC
[0701/111023.858:ERROR:zip_reader.cc(153)] Cannot open ZIP from file handle 00000000000001EC
[0701/111023.858:ERROR:zip.cc(202)] Cannot open ZIP from file handle 00000000000001EC
[0701/111432.576:ERROR:zip_reader.cc(153)] Cannot open ZIP from file handle 00000000000001EC
[0701/111432.576:ERROR:zip.cc(202)] Cannot open ZIP from file handle 00000000000001EC
[0701/111443.714:ERROR:zip_reader.cc(153)] Cannot open ZIP from file handle 00000000000001EC
[0701/111443.715:ERROR:zip.cc(202)] Cannot open ZIP from file handle 00000000000001EC
[0701/111615.498:ERROR:zip_reader.cc(153)] Cannot open ZIP from file handle 00000000000001EC
[0701/111615.498:ERROR:zip.cc(202)] Cannot open ZIP from file handle 00000000000001EC
[0701/111747.819:ERROR:zip_reader.cc(153)] Cannot open ZIP from file handle 000000000000023C
[0701/111747.819:ERROR:zip.cc(202)] Cannot open ZIP from file handle 000000000000023C
[0701/111915.876:ERROR:zip_reader.cc(153)] Cannot open ZIP from file handle 00000000000001F0
[0701/111915.876:ERROR:zip.cc(202)] Cannot open ZIP from file handle 00000000000001F0
[0701/112114.444:ERROR:zip_reader.cc(153)] Cannot open ZIP from file handle 00000000000001FC
[0701/112114.444:ERROR:zip.cc(202)] Cannot open ZIP from file handle 00000000000001FC
[0701/112144.862:ERROR:zip_reader.cc(153)] Cannot open ZIP from file handle 00000000000001EC
[0701/112144.862:ERROR:zip.cc(202)] Cannot open ZIP from file handle 00000000000001EC
[0701/112248.802:ERROR:zip_reader.cc(153)] Cannot open ZIP from file handle 00000000000001EC
[0701/112248.802:ERROR:zip.cc(202)] Cannot open ZIP from file handle 00000000000001EC
[0701/114550.942:ERROR:zip_reader.cc(153)] Cannot open ZIP from file handle 00000000000001EC
[0701/114550.942:ERROR:zip.cc(202)] Cannot open ZIP from file handle 00000000000001EC
[0701/114639.711:ERROR:zip_reader.cc(153)] Cannot open ZIP from file handle 0000000000000220
[0701/114639.711:ERROR:zip.cc(202)] Cannot open ZIP from file handle 0000000000000220
[0701/114836.325:ERROR:zip_reader.cc(153)] Cannot open ZIP from file handle 00000000000000F4
[0701/114836.325:ERROR:zip.cc(202)] Cannot open ZIP from file handle 00000000000000F4
[0701/114856.693:ERROR:zip_reader.cc(153)] Cannot open ZIP from file handle 00000000000001EC
[0701/114856.693:ERROR:zip.cc(202)] Cannot open ZIP from file handle 00000000000001EC
[0701/222412.877:ERROR:zip_reader.cc(153)] Cannot open ZIP from file handle 00000000000001EC
[0701/222412.877:ERROR:zip.cc(202)] Cannot open ZIP from file handle 00000000000001EC
[0702/025745.450:ERROR:zip_reader.cc(153)] Cannot open ZIP from file handle 00000000000001EC
[0702/025745.450:ERROR:zip.cc(202)] Cannot open ZIP from file handle 00000000000001EC
[0702/103531.499:ERROR:zip_reader.cc(153)] Cannot open ZIP from file handle 00000000000001EC
[0702/103531.500:ERROR:zip.cc(202)] Cannot open ZIP from file handle 00000000000001EC
[0702/182953.393:ERROR:zip_reader.cc(153)] Cannot open ZIP from file handle 00000000000001EC
[0702/182953.393:ERROR:zip.cc(202)] Cannot open ZIP from file handle 00000000000001EC
[0702/190758.379:ERROR:zip_reader.cc(153)] Cannot open ZIP from file handle 00000000000001EC
[0702/190758.379:ERROR:zip.cc(202)] Cannot open ZIP from file handle 00000000000001EC
[0702/190912.650:ERROR:zip_reader.cc(153)] Cannot open ZIP from file handle 00000000000001EC
[0702/190912.651:ERROR:zip.cc(202)] Cannot open ZIP from file handle 00000000000001EC
[0702/200332.210:ERROR:zip_reader.cc(153)] Cannot open ZIP from file handle 000000000000017C
[0702/200332.211:ERROR:zip.cc(202)] Cannot open ZIP from file handle 000000000000017C
[0702/200521.749:ERROR:zip_reader.cc(153)] Cannot open ZIP from file handle 0000000000000128
[0702/200521.749:ERROR:zip.cc(202)] Cannot open ZIP from file handle 0000000000000128
[0702/200705.318:ERROR:zip_reader.cc(153)] Cannot open ZIP from file handle 000000000000015C
[0702/200705.318:ERROR:zip.cc(202)] Cannot open ZIP from file handle 000000000000015C
[0703/034511.937:ERROR:zip_reader.cc(153)] Cannot open ZIP from file handle 00000000000000E0
[0703/034511.942:ERROR:zip.cc(202)] Cannot open ZIP from file handle 00000000000000E0
[0703/034511.940:ERROR:zip_reader.cc(153)] Cannot open ZIP from file handle 00000000000001F4
[0703/034511.942:ERROR:zip.cc(202)] Cannot open ZIP from file handle 00000000000001F4
[0704/191312.268:ERROR:zip_reader.cc(153)] Cannot open ZIP from file handle 00000000000001EC
[0704/191312.268:ERROR:zip.cc(202)] Cannot open ZIP from file handle 00000000000001EC
[0704/191331.496:ERROR:registration_protocol_win.cc(107)] CreateFile: 指定されたファイルが見つかりません。 (0x2)
[0704/191331.503:ERROR:registration_protocol_win.cc(107)] CreateFile: 指定されたファイルが見つかりません。 (0x2)
[0704/191331.524:ERROR:registration_protocol_win.cc(107)] CreateFile: 指定されたファイルが見つかりません。 (0x2)
[0704/191440.441:ERROR:zip_reader.cc(153)] Cannot open ZIP from file handle 0000000000000104
[0704/191440.441:ERROR:zip.cc(202)] Cannot open ZIP from file handle 0000000000000104
[0704/215317.541:ERROR:zip_reader.cc(153)] Cannot open ZIP from file handle 00000000000001EC
[0704/215317.541:ERROR:zip.cc(202)] Cannot open ZIP from file handle 00000000000001EC
[0704/215559.790:ERROR:zip_reader.cc(153)] Cannot open ZIP from file handle 00000000000001EC
[0704/215559.790:ERROR:zip.cc(202)] Cannot open ZIP from file handle 00000000000001EC
[0705/010855.086:ERROR:zip_reader.cc(153)] Cannot open ZIP from file handle 00000000000000F4
[0705/010855.087:ERROR:zip.cc(202)] Cannot open ZIP from file handle 00000000000000F4
[0705/113921.357:ERROR:zip_reader.cc(153)] Cannot open ZIP from file handle 00000000000001EC
[0705/113921.372:ERROR:zip.cc(202)] Cannot open ZIP from file handle 00000000000001EC
[0706/091105.227:ERROR:zip_reader.cc(153)] Cannot open ZIP from file handle 00000000000001EC
[0706/091105.227:ERROR:zip.cc(202)] Cannot open ZIP from file handle 00000000000001EC
[0706/100638.803:ERROR:zip_reader.cc(153)] Cannot open ZIP from file handle 00000000000001EC
[0706/100638.803:ERROR:zip.cc(202)] Cannot open ZIP from file handle 00000000000001EC
[0706/100727.183:ERROR:zip_reader.cc(153)] Cannot open ZIP from file handle 00000000000001EC
[0706/100727.183:ERROR:zip.cc(202)] Cannot open ZIP from file handle 00000000000001EC
[0707/230049.382:ERROR:zip_reader.cc(153)] Cannot open ZIP from file handle 00000000000001EC
[0707/230049.382:ERROR:zip.cc(202)] Cannot open ZIP from file handle 00000000000001EC
[0710/165408.378:ERROR:zip_reader.cc(153)] Cannot open ZIP from file handle 00000000000001EC
[0710/165408.383:ERROR:zip.cc(202)] Cannot open ZIP from file handle 00000000000001EC
[0718/124028.732:ERROR:zip_reader.cc(153)] Cannot open ZIP from file handle 00000000000001EC
[0718/124028.739:ERROR:zip.cc(202)] Cannot open ZIP from file handle 00000000000001EC
[0718/125830.158:ERROR:zip_reader.cc(153)] Cannot open ZIP from file handle 00000000000001EC
[0718/125830.158:ERROR:zip.cc(202)] Cannot open ZIP from file handle 00000000000001EC
